activity/build-f04-isolated/outputs/logs/manifest-merger-debug-report.txt
-- Merging decision tree log ---
manifest
ADDED from src\main\AndroidManifest.xml:1:1-23:12
INJECTED from src\main\AndroidManifest.xml:1:1-23:12
	package
		INJECTED from src\main\AndroidManifest.xml
	xmlns:android
		ADDED from src\main\AndroidManifest.xml:1:11-69
uses-permission#com.google.android.gms.permission.ACTIVITY_RECOGNITION
ADDED from src\main\AndroidManifest.xml:3:5-94
	android:name
		ADDED from src\main\AndroidManifest.xml:3:22-91
uses-permission#android.permission.ACTIVITY_RECOGNITION
ADDED from src\main\AndroidManifest.xml:4:5-79
	android:name
		ADDED from src\main\AndroidManifest.xml:4:22-76
uses-permission#${applicationId}.permission.TRACKER
ADDED from src\main\AndroidManifest.xml:5:5-75
	android:name
		ADDED from src\main\AndroidManifest.xml:5:22-72
application
ADDED from src\main\AndroidManifest.xml:7:5-22:19
activity#com.adsamcik.tracker.activity.ui.SessionActivityActivityCompose
ADDED from src\main\AndroidManifest.xml:8:9-10:58
	android:windowSoftInputMode
		ADDED from src\main\AndroidManifest.xml:10:13-55
	android:name
		ADDED from src\main\AndroidManifest.xml:9:13-91
activity#com.adsamcik.tracker.app.activity.debug.LogViewerActivity
ADDED from src\main\AndroidManifest.xml:12:9-94
	android:name
		ADDED from src\main\AndroidManifest.xml:12:19-91
receiver#com.adsamcik.tracker.activity.receiver.ActivityReceiver
ADDED from src\main\AndroidManifest.xml:14:9-21:20
	android:exported
		ADDED from src\main\AndroidManifest.xml:16:13-37
	android:permission
		ADDED from src\main\AndroidManifest.xml:17:13-88
	android:name
		ADDED from src\main\AndroidManifest.xml:15:13-54
intent-filter#action:name:com.adsamcik.tracker.ACTIVITY_RESULT
ADDED from src\main\AndroidManifest.xml:18:13-20:29
action#com.adsamcik.tracker.ACTIVITY_RESULT
ADDED from src\main\AndroidManifest.xml:19:17-78
	android:name
		ADDED from src\main\AndroidManifest.xml:19:25-76
uses-sdk
INJECTED from src\main\AndroidManifest.xml reason: use-sdk injection requested
INJECTED from src\main\AndroidManifest.xml
INJECTED from src\main\AndroidManifest.xml
	android:targetSdkVersion
		INJECTED from src\main\AndroidManifest.xml
	android:minSdkVersion
		INJECTED from src\main\AndroidManifest.xml